2014-09-06 17:16:08.216 HelloWorld[6079:70b] Multi-tasking -> Device: YES, App: YES
2014-09-06 17:16:08.251 HelloWorld[6079:70b] Unlimited access to network resources
2014-09-06 17:16:08.257 HelloWorld[6079:70b] Fix applied for database locations?: YES
2014-09-06 17:16:08.258 HelloWorld[6079:70b] 

Started backup to iCloud! Please be careful.
Your application might rejected by Apple if you store too much data.
For more information please read "iOS Data Storage Guidelines"
You could find it at the following address https://developer.apple.com/icloud/documentation/data-storage/ .

2014-09-06 17:16:08.756 HelloWorld[6079:70b] Resetting plugins due to page load.
2014-09-06 17:16:08.944 HelloWorld[6079:70b] Finished load of: file:///Users/ddrmanxbxfr/Library/Application%20Support/iPhone%20Simulator/7.1/Applications/195D0945-616B-4C5F-9F30-D43775ABF4CC/HelloWorld.app/www/index.html
2014-09-06 19:06:44.253 HelloWorld[1998:70b] Multi-tasking -> Device: YES, App: YES
2014-09-06 19:06:44.338 HelloWorld[1998:70b] Unlimited access to network resources
2014-09-06 19:06:44.346 HelloWorld[1998:70b] 

Started backup to iCloud! Please be careful.
Your application might rejected by Apple if you store too much data.
For more information please read "iOS Data Storage Guidelines"
You could find it at the following address https://developer.apple.com/icloud/documentation/data-storage/ .

2014-09-06 19:06:44.984 HelloWorld[1998:70b] Resetting plugins due to page load.
2014-09-06 19:06:45.218 HelloWorld[1998:70b] Finished load of: file:///Users/ddrmanxbxfr/Library/Application%20Support/iPhone%20Simulator/7.1/Applications/195D0945-616B-4C5F-9F30-D43775ABF4CC/HelloWorld.app/www/index.html
2014-09-06 19:17:52.026 HelloWorld[2921:70b] Multi-tasking -> Device: YES, App: YES
2014-09-06 19:17:52.062 HelloWorld[2921:70b] Unlimited access to network resources
2014-09-06 19:17:52.072 HelloWorld[2921:70b] 

Started backup to iCloud! Please be careful.
Your application might rejected by Apple if you store too much data.
For more information please read "iOS Data Storage Guidelines"
You could find it at the following address https://developer.apple.com/icloud/documentation/data-storage/ .

2014-09-06 19:17:52.556 HelloWorld[2921:70b] Resetting plugins due to page load.
2014-09-06 19:17:52.857 HelloWorld[2921:70b] Finished load of: file:///Users/ddrmanxbxfr/Library/Application%20Support/iPhone%20Simulator/7.1/Applications/195D0945-616B-4C5F-9F30-D43775ABF4CC/HelloWorld.app/www/index.html
2014-09-06 19:37:57.112 HelloWorld[3887:70b] Multi-tasking -> Device: YES, App: YES
2014-09-06 19:37:57.161 HelloWorld[3887:70b] Unlimited access to network resources
2014-09-06 19:37:57.167 HelloWorld[3887:70b] 

Started backup to iCloud! Please be careful.
Your application might rejected by Apple if you store too much data.
For more information please read "iOS Data Storage Guidelines"
You could find it at the following address https://developer.apple.com/icloud/documentation/data-storage/ .

2014-09-06 19:37:57.757 HelloWorld[3887:70b] Resetting plugins due to page load.
2014-09-06 19:37:57.977 HelloWorld[3887:70b] Finished load of: file:///Users/ddrmanxbxfr/Library/Application%20Support/iPhone%20Simulator/7.1/Applications/195D0945-616B-4C5F-9F30-D43775ABF4CC/HelloWorld.app/www/index.html
